[INFO ] [17:17:03] com.minsheng.reinsurance.filter.LoginFilter - ======开始过滤=====
[INFO ] [17:17:03] com.minsheng.reinsurance.filter.LoginFilter - 请求地址为/api/test/test
[INFO ] [17:17:03] com.minsheng.reinsurance.filter.LoginFilter - 用户没有登陆！！！！
[INFO ] [17:17:03] com.minsheng.reinsurance.filter.LoginFilter - ======开始过滤=====
[INFO ] [17:17:03] com.minsheng.reinsurance.filter.LoginFilter - 请求地址为/api/login
[INFO ] [17:17:03] com.minsheng.reinsurance.filter.LoginFilter - 该请求地址无需拦截
[INFO ] [17:17:03] com.minsheng.reinsurance.filter.LoginFilter - ======开始过滤=====
[INFO ] [17:17:03] com.minsheng.reinsurance.filter.LoginFilter - 请求地址为/api/adminlte/bootstrap/css/bootstrap.min.css
[INFO ] [17:17:03] com.minsheng.reinsurance.filter.LoginFilter - ======开始过滤=====
[INFO ] [17:17:03] com.minsheng.reinsurance.filter.LoginFilter - 该请求地址无需拦截
[INFO ] [17:17:03] com.minsheng.reinsurance.filter.LoginFilter - 请求地址为/api/adminlte/css/font-awesome.min.css
[INFO ] [17:17:03] com.minsheng.reinsurance.filter.LoginFilter - 该请求地址无需拦截
[INFO ] [17:17:03] com.minsheng.reinsurance.filter.LoginFilter - ======开始过滤=====
[INFO ] [17:17:03] com.minsheng.reinsurance.filter.LoginFilter - 请求地址为/api/adminlte/css/ionicons.min.css
[INFO ] [17:17:03] com.minsheng.reinsurance.filter.LoginFilter - 该请求地址无需拦截
[INFO ] [17:17:03] com.minsheng.reinsurance.filter.LoginFilter - ======开始过滤=====
[INFO ] [17:17:03] com.minsheng.reinsurance.filter.LoginFilter - 请求地址为/api/adminlte/dist/css/AdminLTE.min.css
[INFO ] [17:17:03] com.minsheng.reinsurance.filter.LoginFilter - 该请求地址无需拦截
[INFO ] [17:17:03] com.minsheng.reinsurance.filter.LoginFilter - ======开始过滤=====
[INFO ] [17:17:03] com.minsheng.reinsurance.filter.LoginFilter - 请求地址为/api/js/jquery-2.1.4.min.js
[INFO ] [17:17:03] com.minsheng.reinsurance.filter.LoginFilter - 该请求地址无需拦截
[INFO ] [17:17:03] com.minsheng.reinsurance.filter.LoginFilter - ======开始过滤=====
[INFO ] [17:17:03] com.minsheng.reinsurance.filter.LoginFilter - 请求地址为/api/adminlte/bootstrap/js/bootstrap.min.js
[INFO ] [17:17:03] com.minsheng.reinsurance.filter.LoginFilter - 该请求地址无需拦截
[INFO ] [17:17:03] com.minsheng.reinsurance.filter.LoginFilter - ======开始过滤=====
[INFO ] [17:17:03] com.minsheng.reinsurance.filter.LoginFilter - 请求地址为/api/img/blue.png
[INFO ] [17:17:03] com.minsheng.reinsurance.filter.LoginFilter - 用户没有登陆！！！！
[INFO ] [17:17:03] com.minsheng.reinsurance.filter.LoginFilter - ======开始过滤=====
[INFO ] [17:17:03] com.minsheng.reinsurance.filter.LoginFilter - 请求地址为/api/login
[INFO ] [17:17:03] com.minsheng.reinsurance.filter.LoginFilter - 该请求地址无需拦截
[INFO ] [17:17:03] com.minsheng.reinsurance.filter.LoginFilter - ======开始过滤=====
[INFO ] [17:17:03] com.minsheng.reinsurance.filter.LoginFilter - 请求地址为/api/adminlte/bootstrap/fonts/glyphicons-halflings-regular.woff
[INFO ] [17:17:03] com.minsheng.reinsurance.filter.LoginFilter - 用户没有登陆！！！！
[INFO ] [17:17:03] com.minsheng.reinsurance.filter.LoginFilter - ======开始过滤=====
[INFO ] [17:17:03] com.minsheng.reinsurance.filter.LoginFilter - 请求地址为/api/login
[INFO ] [17:17:03] com.minsheng.reinsurance.filter.LoginFilter - 该请求地址无需拦截
[INFO ] [17:17:03] com.minsheng.reinsurance.filter.LoginFilter - ======开始过滤=====
[INFO ] [17:17:03] com.minsheng.reinsurance.filter.LoginFilter - 请求地址为/api/adminlte/bootstrap/fonts/glyphicons-halflings-regular.ttf
[INFO ] [17:17:03] com.minsheng.reinsurance.filter.LoginFilter - 用户没有登陆！！！！
[INFO ] [17:17:03] com.minsheng.reinsurance.filter.LoginFilter - ======开始过滤=====
[INFO ] [17:17:03] com.minsheng.reinsurance.filter.LoginFilter - 请求地址为/api/login
[INFO ] [17:17:03] com.minsheng.reinsurance.filter.LoginFilter - 该请求地址无需拦截
[INFO ] [17:17:15] com.minsheng.reinsurance.filter.LoginFilter - ======开始过滤=====
[INFO ] [17:17:15] com.minsheng.reinsurance.filter.LoginFilter - 请求地址为/api/login
[INFO ] [17:17:15] com.minsheng.reinsurance.filter.LoginFilter - 该请求地址无需拦截
[INFO ] [17:17:16] com.minsheng.reinsurance.filter.LoginFilter - ======开始过滤=====
[INFO ] [17:17:16] com.minsheng.reinsurance.filter.LoginFilter - 请求地址为/api/img/blue.png
[INFO ] [17:17:16] com.minsheng.reinsurance.filter.LoginFilter - 用户没有登陆！！！！
[INFO ] [17:17:16] com.minsheng.reinsurance.filter.LoginFilter - ======开始过滤=====
[INFO ] [17:17:16] com.minsheng.reinsurance.filter.LoginFilter - ======开始过滤=====
[INFO ] [17:17:16] com.minsheng.reinsurance.filter.LoginFilter - 请求地址为/api/login
[INFO ] [17:17:16] com.minsheng.reinsurance.filter.LoginFilter - 请求地址为/api/adminlte/bootstrap/fonts/glyphicons-halflings-regular.woff
[INFO ] [17:17:16] com.minsheng.reinsurance.filter.LoginFilter - 该请求地址无需拦截
[INFO ] [17:17:16] com.minsheng.reinsurance.filter.LoginFilter - 用户没有登陆！！！！
[INFO ] [17:17:16] com.minsheng.reinsurance.filter.LoginFilter - ======开始过滤=====
[INFO ] [17:17:16] com.minsheng.reinsurance.filter.LoginFilter - 请求地址为/api/login
[INFO ] [17:17:16] com.minsheng.reinsurance.filter.LoginFilter - 该请求地址无需拦截
[INFO ] [17:17:16] com.minsheng.reinsurance.filter.LoginFilter - ======开始过滤=====
[INFO ] [17:17:16] com.minsheng.reinsurance.filter.LoginFilter - 请求地址为/api/adminlte/bootstrap/fonts/glyphicons-halflings-regular.ttf
[INFO ] [17:17:16] com.minsheng.reinsurance.filter.LoginFilter - 用户没有登陆！！！！
[INFO ] [17:17:16] com.minsheng.reinsurance.filter.LoginFilter - ======开始过滤=====
[INFO ] [17:17:16] com.minsheng.reinsurance.filter.LoginFilter - 请求地址为/api/login
[INFO ] [17:17:16] com.minsheng.reinsurance.filter.LoginFilter - 该请求地址无需拦截
[INFO ] [17:17:19] com.minsheng.reinsurance.filter.LoginFilter - ======开始过滤=====
[INFO ] [17:17:19] com.minsheng.reinsurance.filter.LoginFilter - 请求地址为/api/login
[INFO ] [17:17:19] com.minsheng.reinsurance.filter.LoginFilter - 该请求地址无需拦截
[INFO ] [17:17:19] com.minsheng.reinsurance.filter.LoginFilter - ======开始过滤=====
[INFO ] [17:17:19] com.minsheng.reinsurance.filter.LoginFilter - 请求地址为/api/img/blue.png
[INFO ] [17:17:19] com.minsheng.reinsurance.filter.LoginFilter - 用户没有登陆！！！！
[INFO ] [17:17:19] com.minsheng.reinsurance.filter.LoginFilter - ======开始过滤=====
[INFO ] [17:17:19] com.minsheng.reinsurance.filter.LoginFilter - 请求地址为/api/login
[INFO ] [17:17:19] com.minsheng.reinsurance.filter.LoginFilter - 该请求地址无需拦截
[INFO ] [17:17:22] com.minsheng.reinsurance.filter.LoginFilter - ======开始过滤=====
[INFO ] [17:17:22] com.minsheng.reinsurance.filter.LoginFilter - 请求地址为/api/
[INFO ] [17:17:22] com.minsheng.reinsurance.filter.LoginFilter - 用户没有登陆！！！！
[INFO ] [17:17:22] com.minsheng.reinsurance.filter.LoginFilter - ======开始过滤=====
[INFO ] [17:17:22] com.minsheng.reinsurance.filter.LoginFilter - 请求地址为/api/login
[INFO ] [17:17:22] com.minsheng.reinsurance.filter.LoginFilter - 该请求地址无需拦截
[INFO ] [17:17:23] com.minsheng.reinsurance.filter.LoginFilter - ======开始过滤=====
[INFO ] [17:17:23] com.minsheng.reinsurance.filter.LoginFilter - 请求地址为/api/login
[INFO ] [17:17:23] com.minsheng.reinsurance.filter.LoginFilter - 该请求地址无需拦截
[INFO ] [17:17:23] com.minsheng.reinsurance.filter.LoginFilter - ======开始过滤=====
[INFO ] [17:17:23] com.minsheng.reinsurance.filter.LoginFilter - 请求地址为/api/img/blue.png
[INFO ] [17:17:23] com.minsheng.reinsurance.filter.LoginFilter - 用户没有登陆！！！！
[INFO ] [17:17:23] com.minsheng.reinsurance.filter.LoginFilter - ======开始过滤=====
[INFO ] [17:17:23] com.minsheng.reinsurance.filter.LoginFilter - 请求地址为/api/login
[INFO ] [17:17:23] com.minsheng.reinsurance.filter.LoginFilter - 该请求地址无需拦截
[INFO ] [17:17:33] com.minsheng.reinsurance.filter.LoginFilter - ======开始过滤=====
[INFO ] [17:17:33] com.minsheng.reinsurance.filter.LoginFilter - 请求地址为/api/
[INFO ] [17:17:33] com.minsheng.reinsurance.filter.LoginFilter - 用户没有登陆！！！！
[INFO ] [17:17:33] com.minsheng.reinsurance.filter.LoginFilter - ======开始过滤=====
[INFO ] [17:17:33] com.minsheng.reinsurance.filter.LoginFilter - 请求地址为/api/login
[INFO ] [17:17:33] com.minsheng.reinsurance.filter.LoginFilter - 该请求地址无需拦截
[INFO ] [17:17:34] com.minsheng.reinsurance.filter.LoginFilter - ======开始过滤=====
[INFO ] [17:17:34] com.minsheng.reinsurance.filter.LoginFilter - 请求地址为/api/img/blue.png
[INFO ] [17:17:34] com.minsheng.reinsurance.filter.LoginFilter - 用户没有登陆！！！！
[INFO ] [17:17:34] com.minsheng.reinsurance.filter.LoginFilter - ======开始过滤=====
[INFO ] [17:17:34] com.minsheng.reinsurance.filter.LoginFilter - 请求地址为/api/login
[INFO ] [17:17:34] com.minsheng.reinsurance.filter.LoginFilter - 该请求地址无需拦截
[INFO ] [17:17:34] com.minsheng.reinsurance.filter.LoginFilter - ======开始过滤=====
[INFO ] [17:17:34] com.minsheng.reinsurance.filter.LoginFilter - 请求地址为/api/adminlte/bootstrap/fonts/glyphicons-halflings-regular.woff
[INFO ] [17:17:34] com.minsheng.reinsurance.filter.LoginFilter - 用户没有登陆！！！！
[INFO ] [17:17:34] com.minsheng.reinsurance.filter.LoginFilter - ======开始过滤=====
[INFO ] [17:17:34] com.minsheng.reinsurance.filter.LoginFilter - 请求地址为/api/login
[INFO ] [17:17:34] com.minsheng.reinsurance.filter.LoginFilter - 该请求地址无需拦截
[INFO ] [17:17:34] com.minsheng.reinsurance.filter.LoginFilter - ======开始过滤=====
[INFO ] [17:17:34] com.minsheng.reinsurance.filter.LoginFilter - 请求地址为/api/adminlte/bootstrap/fonts/glyphicons-halflings-regular.ttf
[INFO ] [17:17:34] com.minsheng.reinsurance.filter.LoginFilter - 用户没有登陆！！！！
[INFO ] [17:17:34] com.minsheng.reinsurance.filter.LoginFilter - ======开始过滤=====
[INFO ] [17:17:34] com.minsheng.reinsurance.filter.LoginFilter - 请求地址为/api/login
[INFO ] [17:17:34] com.minsheng.reinsurance.filter.LoginFilter - 该请求地址无需拦截
[INFO ] [17:20:06] com.minsheng.reinsurance.filter.LoginFilter - ======开始过滤=====
[INFO ] [17:20:06] com.minsheng.reinsurance.filter.LoginFilter - 请求地址为/api/login
[INFO ] [17:20:06] com.minsheng.reinsurance.filter.LoginFilter - 该请求地址无需拦截
[INFO ] [17:20:06] com.minsheng.reinsurance.filter.LoginFilter - ======开始过滤=====
[INFO ] [17:20:06] com.minsheng.reinsurance.filter.LoginFilter - 请求地址为/api/
[INFO ] [17:20:06] com.minsheng.reinsurance.filter.LoginFilter - 用户已经登陆，放行
[INFO ] [17:20:07] com.minsheng.reinsurance.filter.LoginFilter - ======开始过滤=====
[INFO ] [17:20:07] com.minsheng.reinsurance.filter.LoginFilter - ======开始过滤=====
[INFO ] [17:20:07] com.minsheng.reinsurance.filter.LoginFilter - 请求地址为/api/layer/layer.js
[INFO ] [17:20:07] com.minsheng.reinsurance.filter.LoginFilter - 请求地址为/api/img/profile_small.jpg
[INFO ] [17:20:07] com.minsheng.reinsurance.filter.LoginFilter - 用户已经登陆，放行
[INFO ] [17:20:07] com.minsheng.reinsurance.filter.LoginFilter - ======开始过滤=====
[INFO ] [17:20:07] com.minsheng.reinsurance.filter.LoginFilter - 用户已经登陆，放行
[INFO ] [17:20:07] com.minsheng.reinsurance.filter.LoginFilter - 请求地址为/api/css/style.css
[INFO ] [17:20:07] com.minsheng.reinsurance.filter.LoginFilter - 该请求地址无需拦截
[INFO ] [17:20:07] com.minsheng.reinsurance.filter.LoginFilter - ======开始过滤=====
[INFO ] [17:20:07] com.minsheng.reinsurance.filter.LoginFilter - 请求地址为/api/js/menus.js
[INFO ] [17:20:07] com.minsheng.reinsurance.filter.LoginFilter - 该请求地址无需拦截
[INFO ] [17:20:07] com.minsheng.reinsurance.filter.LoginFilter - ======开始过滤=====
[INFO ] [17:20:07] com.minsheng.reinsurance.filter.LoginFilter - 请求地址为/api/js/contabs.js
[INFO ] [17:20:07] com.minsheng.reinsurance.filter.LoginFilter - 该请求地址无需拦截
[INFO ] [17:20:07] com.minsheng.reinsurance.filter.LoginFilter - ======开始过滤=====
[INFO ] [17:20:07] com.minsheng.reinsurance.filter.LoginFilter - ======开始过滤=====
[INFO ] [17:20:07] com.minsheng.reinsurance.filter.LoginFilter - 请求地址为/api/adminlte/plugins/metisMenu/jquery.metisMenu.js
[INFO ] [17:20:07] com.minsheng.reinsurance.filter.LoginFilter - 请求地址为/api/adminlte/plugins/slimScroll/jquery.slimscroll.min.js
[INFO ] [17:20:07] com.minsheng.reinsurance.filter.LoginFilter - 用户已经登陆，放行
[INFO ] [17:20:07] com.minsheng.reinsurance.filter.LoginFilter - 用户已经登陆，放行
[INFO ] [17:20:07] com.minsheng.reinsurance.filter.LoginFilter - ======开始过滤=====
[INFO ] [17:20:07] com.minsheng.reinsurance.filter.LoginFilter - 请求地址为/api/adminlte/plugins/pace/pace.min.js
[INFO ] [17:20:07] com.minsheng.reinsurance.filter.LoginFilter - ======开始过滤=====
[INFO ] [17:20:07] com.minsheng.reinsurance.filter.LoginFilter - 用户已经登陆，放行
[INFO ] [17:20:07] com.minsheng.reinsurance.filter.LoginFilter - 请求地址为/api/js/hplus.js
[INFO ] [17:20:07] com.minsheng.reinsurance.filter.LoginFilter - 该请求地址无需拦截
[INFO ] [17:20:07] com.minsheng.reinsurance.filter.LoginFilter - ======开始过滤=====
[INFO ] [17:20:07] com.minsheng.reinsurance.filter.LoginFilter - 请求地址为/api/welcome
[INFO ] [17:20:07] com.minsheng.reinsurance.filter.LoginFilter - 用户已经登陆，放行
[INFO ] [17:20:07] com.minsheng.reinsurance.filter.LoginFilter - ======开始过滤=====
[INFO ] [17:20:07] com.minsheng.reinsurance.filter.LoginFilter - 请求地址为/api/css/patterns/header-profile.png
[INFO ] [17:20:07] com.minsheng.reinsurance.filter.LoginFilter - 该请求地址无需拦截
[INFO ] [17:20:07] com.minsheng.reinsurance.filter.LoginFilter - ======开始过滤=====
[INFO ] [17:20:07] com.minsheng.reinsurance.filter.LoginFilter - 请求地址为/api/adminlte/bootstrap/fonts/fontawesome-webfont.woff2
[INFO ] [17:20:07] com.minsheng.reinsurance.filter.LoginFilter - 用户已经登陆，放行
[INFO ] [17:20:07] com.minsheng.reinsurance.filter.LoginFilter - ======开始过滤=====
[INFO ] [17:20:07] com.minsheng.reinsurance.filter.LoginFilter - 请求地址为/api/layer/skin/default/layer.css
[INFO ] [17:20:07] com.minsheng.reinsurance.filter.LoginFilter - 用户已经登陆，放行
[INFO ] [17:20:07] com.minsheng.reinsurance.filter.LoginFilter - ======开始过滤=====
[INFO ] [17:20:07] com.minsheng.reinsurance.filter.LoginFilter - 请求地址为/api/adminlte/dist/css/skins/_all-skins.min.css
[INFO ] [17:20:07] com.minsheng.reinsurance.filter.LoginFilter - ======开始过滤=====
[INFO ] [17:20:07] com.minsheng.reinsurance.filter.LoginFilter - 该请求地址无需拦截
[INFO ] [17:20:07] com.minsheng.reinsurance.filter.LoginFilter - 请求地址为/api/adminlte/dist/css/index.css
[INFO ] [17:20:07] com.minsheng.reinsurance.filter.LoginFilter - ======开始过滤=====
[INFO ] [17:20:07] com.minsheng.reinsurance.filter.LoginFilter - 该请求地址无需拦截
[INFO ] [17:20:07] com.minsheng.reinsurance.filter.LoginFilter - 请求地址为/api/adminlte/lib/ionicons/2.0.1/css/ionicons.min.css
[INFO ] [17:20:07] com.minsheng.reinsurance.filter.LoginFilter - 该请求地址无需拦截
[INFO ] [17:20:07] com.minsheng.reinsurance.filter.LoginFilter - ======开始过滤=====
[INFO ] [17:20:07] com.minsheng.reinsurance.filter.LoginFilter - 请求地址为/api/adminlte/dist/js/app.min.js
[INFO ] [17:20:07] com.minsheng.reinsurance.filter.LoginFilter - 该请求地址无需拦截
[INFO ] [17:20:07] com.minsheng.reinsurance.filter.LoginFilter - ======开始过滤=====
[INFO ] [17:20:07] com.minsheng.reinsurance.filter.LoginFilter - 请求地址为/api/adminlte/dist/js/demo.js
[INFO ] [17:20:07] com.minsheng.reinsurance.filter.LoginFilter - 该请求地址无需拦截
[INFO ] [17:20:07] com.minsheng.reinsurance.filter.LoginFilter - ======开始过滤=====
[INFO ] [17:20:07] com.minsheng.reinsurance.filter.LoginFilter - 请求地址为/api/jquery-ztree/3.5.12/css/zTreeStyle/zTreeStyle.css
[INFO ] [17:20:07] com.minsheng.reinsurance.filter.LoginFilter - 该请求地址无需拦截
[INFO ] [17:20:07] com.minsheng.reinsurance.filter.LoginFilter - ======开始过滤=====
[INFO ] [17:20:07] com.minsheng.reinsurance.filter.LoginFilter - ======开始过滤=====
[INFO ] [17:20:07] com.minsheng.reinsurance.filter.LoginFilter - 请求地址为/api/vue/vue.min.js
[INFO ] [17:20:07] com.minsheng.reinsurance.filter.LoginFilter - 请求地址为/api/vue/index.css
[INFO ] [17:20:07] com.minsheng.reinsurance.filter.LoginFilter - 用户已经登陆，放行
[INFO ] [17:20:07] com.minsheng.reinsurance.filter.LoginFilter - ======开始过滤=====
[INFO ] [17:20:07] com.minsheng.reinsurance.filter.LoginFilter - 请求地址为/api/jquery-ztree/3.5.12/js/jquery.ztree.core-3.5.js
[INFO ] [17:20:07] com.minsheng.reinsurance.filter.LoginFilter - 该请求地址无需拦截
[INFO ] [17:20:07] com.minsheng.reinsurance.filter.LoginFilter - ======开始过滤=====
[INFO ] [17:20:07] com.minsheng.reinsurance.filter.LoginFilter - 请求地址为/api/vue/index.js
[INFO ] [17:20:07] com.minsheng.reinsurance.filter.LoginFilter - 用户已经登陆，放行
[INFO ] [17:20:07] com.minsheng.reinsurance.filter.LoginFilter - 用户已经登陆，放行
[INFO ] [17:20:07] com.minsheng.reinsurance.filter.LoginFilter - ======开始过滤=====
[INFO ] [17:20:07] com.minsheng.reinsurance.filter.LoginFilter - 请求地址为/api/vue/vue-resource.js
[INFO ] [17:20:07] com.minsheng.reinsurance.filter.LoginFilter - 用户已经登陆，放行
[INFO ] [17:20:10] com.minsheng.reinsurance.filter.LoginFilter - ======开始过滤=====
[INFO ] [17:20:10] com.minsheng.reinsurance.filter.LoginFilter - 请求地址为/api/login
[INFO ] [17:20:10] com.minsheng.reinsurance.filter.LoginFilter - 该请求地址无需拦截
[INFO ] [17:20:10] com.minsheng.reinsurance.filter.LoginFilter - ======开始过滤=====
[INFO ] [17:20:10] com.minsheng.reinsurance.filter.LoginFilter - 请求地址为/api/welcome
[INFO ] [17:20:10] com.minsheng.reinsurance.filter.LoginFilter - 用户已经登陆，放行
[INFO ] [17:20:14] com.minsheng.reinsurance.filter.LoginFilter - ======开始过滤=====
[INFO ] [17:20:14] com.minsheng.reinsurance.filter.LoginFilter - 请求地址为/api/
[INFO ] [17:20:14] com.minsheng.reinsurance.filter.LoginFilter - 用户已经登陆，放行
[INFO ] [17:20:15] com.minsheng.reinsurance.filter.LoginFilter - ======开始过滤=====
[INFO ] [17:20:15] com.minsheng.reinsurance.filter.LoginFilter - 请求地址为/api/welcome
[INFO ] [17:20:15] com.minsheng.reinsurance.filter.LoginFilter - 用户已经登陆，放行
[INFO ] [17:20:26] com.minsheng.reinsurance.filter.LoginFilter - ======开始过滤=====
[INFO ] [17:20:26] com.minsheng.reinsurance.filter.LoginFilter - 请求地址为/api/
[INFO ] [17:20:26] com.minsheng.reinsurance.filter.LoginFilter - 用户已经登陆，放行
[INFO ] [17:20:26] com.minsheng.reinsurance.filter.LoginFilter - ======开始过滤=====
[INFO ] [17:20:26] com.minsheng.reinsurance.filter.LoginFilter - 请求地址为/api/welcome
[INFO ] [17:20:26] com.minsheng.reinsurance.filter.LoginFilter - 用户已经登陆，放行
[INFO ] [17:21:07] com.minsheng.reinsurance.filter.LoginFilter - ======开始过滤=====
[INFO ] [17:21:07] com.minsheng.reinsurance.filter.LoginFilter - 请求地址为/api/
[INFO ] [17:21:07] com.minsheng.reinsurance.filter.LoginFilter - 用户没有登陆！！！！
[INFO ] [17:21:07] com.minsheng.reinsurance.filter.LoginFilter - ======开始过滤=====
[INFO ] [17:21:07] com.minsheng.reinsurance.filter.LoginFilter - 请求地址为/api/login
[INFO ] [17:21:07] com.minsheng.reinsurance.filter.LoginFilter - 该请求地址无需拦截
[INFO ] [17:21:08] com.minsheng.reinsurance.filter.LoginFilter - ======开始过滤=====
[INFO ] [17:21:08] com.minsheng.reinsurance.filter.LoginFilter - 请求地址为/api/img/blue.png
[INFO ] [17:21:08] com.minsheng.reinsurance.filter.LoginFilter - 用户没有登陆！！！！
[INFO ] [17:21:08] com.minsheng.reinsurance.filter.LoginFilter - ======开始过滤=====
[INFO ] [17:21:08] com.minsheng.reinsurance.filter.LoginFilter - 请求地址为/api/login
[INFO ] [17:21:08] com.minsheng.reinsurance.filter.LoginFilter - 该请求地址无需拦截
[INFO ] [17:21:08] com.minsheng.reinsurance.filter.LoginFilter - ======开始过滤=====
[INFO ] [17:21:08] com.minsheng.reinsurance.filter.LoginFilter - 请求地址为/api/adminlte/bootstrap/fonts/glyphicons-halflings-regular.woff
[INFO ] [17:21:08] com.minsheng.reinsurance.filter.LoginFilter - 用户没有登陆！！！！
[INFO ] [17:21:08] com.minsheng.reinsurance.filter.LoginFilter - ======开始过滤=====
[INFO ] [17:21:08] com.minsheng.reinsurance.filter.LoginFilter - 请求地址为/api/login
[INFO ] [17:21:08] com.minsheng.reinsurance.filter.LoginFilter - 该请求地址无需拦截
[INFO ] [17:21:08] com.minsheng.reinsurance.filter.LoginFilter - ======开始过滤=====
[INFO ] [17:21:08] com.minsheng.reinsurance.filter.LoginFilter - 请求地址为/api/adminlte/bootstrap/fonts/glyphicons-halflings-regular.ttf
[INFO ] [17:21:08] com.minsheng.reinsurance.filter.LoginFilter - 用户没有登陆！！！！
[INFO ] [17:21:08] com.minsheng.reinsurance.filter.LoginFilter - ======开始过滤=====
[INFO ] [17:21:08] com.minsheng.reinsurance.filter.LoginFilter - 请求地址为/api/login
[INFO ] [17:21:08] com.minsheng.reinsurance.filter.LoginFilter - 该请求地址无需拦截
[INFO ] [17:24:36] com.minsheng.reinsurance.filter.LoginFilter - ======开始过滤=====
[INFO ] [17:24:36] com.minsheng.reinsurance.filter.LoginFilter - 请求地址为/api/login
[INFO ] [17:24:36] com.minsheng.reinsurance.filter.LoginFilter - 该请求地址无需拦截
[INFO ] [17:24:36] com.minsheng.reinsurance.filter.LoginFilter - ======开始过滤=====
[INFO ] [17:24:36] com.minsheng.reinsurance.filter.LoginFilter - ======开始过滤=====
[INFO ] [17:24:36] com.minsheng.reinsurance.filter.LoginFilter - 请求地址为/api/adminlte/bootstrap/css/bootstrap.min.css;JSESSIONID=d9808b0a-917d-447f-b626-9c1ceb6c8cb6
[INFO ] [17:24:36] com.minsheng.reinsurance.filter.LoginFilter - 请求地址为/api/adminlte/css/font-awesome.min.css;JSESSIONID=d9808b0a-917d-447f-b626-9c1ceb6c8cb6
[INFO ] [17:24:36] com.minsheng.reinsurance.filter.LoginFilter - 该请求地址无需拦截
[INFO ] [17:24:36] com.minsheng.reinsurance.filter.LoginFilter - 该请求地址无需拦截
[INFO ] [17:24:36] com.minsheng.reinsurance.filter.LoginFilter - ======开始过滤=====
[INFO ] [17:24:36] com.minsheng.reinsurance.filter.LoginFilter - 请求地址为/api/adminlte/css/ionicons.min.css;JSESSIONID=d9808b0a-917d-447f-b626-9c1ceb6c8cb6
[INFO ] [17:24:36] com.minsheng.reinsurance.filter.LoginFilter - 该请求地址无需拦截
[INFO ] [17:24:36] com.minsheng.reinsurance.filter.LoginFilter - ======开始过滤=====
[INFO ] [17:24:36] com.minsheng.reinsurance.filter.LoginFilter - 请求地址为/api/adminlte/dist/css/AdminLTE.min.css;JSESSIONID=d9808b0a-917d-447f-b626-9c1ceb6c8cb6
[INFO ] [17:24:36] com.minsheng.reinsurance.filter.LoginFilter - 该请求地址无需拦截
[INFO ] [17:24:36] com.minsheng.reinsurance.filter.LoginFilter - ======开始过滤=====
[INFO ] [17:24:36] com.minsheng.reinsurance.filter.LoginFilter - 请求地址为/api/adminlte/bootstrap/js/bootstrap.min.js;JSESSIONID=d9808b0a-917d-447f-b626-9c1ceb6c8cb6
[INFO ] [17:24:36] com.minsheng.reinsurance.filter.LoginFilter - 该请求地址无需拦截
[INFO ] [17:24:36] com.minsheng.reinsurance.filter.LoginFilter - ======开始过滤=====
[INFO ] [17:24:36] com.minsheng.reinsurance.filter.LoginFilter - 请求地址为/api/js/jquery-2.1.4.min.js;JSESSIONID=d9808b0a-917d-447f-b626-9c1ceb6c8cb6
[INFO ] [17:24:36] com.minsheng.reinsurance.filter.LoginFilter - 该请求地址无需拦截
[INFO ] [17:24:36] com.minsheng.reinsurance.filter.LoginFilter - ======开始过滤=====
[INFO ] [17:24:36] com.minsheng.reinsurance.filter.LoginFilter - ======开始过滤=====
[INFO ] [17:24:36] com.minsheng.reinsurance.filter.LoginFilter - 请求地址为/api/img/blue.png
[INFO ] [17:24:36] com.minsheng.reinsurance.filter.LoginFilter - 请求地址为/api/adminlte/bootstrap/fonts/glyphicons-halflings-regular.woff
[INFO ] [17:24:36] com.minsheng.reinsurance.filter.LoginFilter - 用户没有登陆！！！！
[INFO ] [17:24:36] com.minsheng.reinsurance.filter.LoginFilter - 用户没有登陆！！！！
[INFO ] [17:24:36] com.minsheng.reinsurance.filter.LoginFilter - ======开始过滤=====
[INFO ] [17:24:36] com.minsheng.reinsurance.filter.LoginFilter - 请求地址为/api/login
[INFO ] [17:24:36] com.minsheng.reinsurance.filter.LoginFilter - 该请求地址无需拦截
[INFO ] [17:24:36] com.minsheng.reinsurance.filter.LoginFilter - ======开始过滤=====
[INFO ] [17:24:36] com.minsheng.reinsurance.filter.LoginFilter - 请求地址为/api/login
[INFO ] [17:24:36] com.minsheng.reinsurance.filter.LoginFilter - 该请求地址无需拦截
[INFO ] [17:24:36] com.minsheng.reinsurance.filter.LoginFilter - ======开始过滤=====
[INFO ] [17:24:36] com.minsheng.reinsurance.filter.LoginFilter - 请求地址为/api/adminlte/bootstrap/fonts/glyphicons-halflings-regular.ttf
[INFO ] [17:24:36] com.minsheng.reinsurance.filter.LoginFilter - 用户没有登陆！！！！
[INFO ] [17:24:36] com.minsheng.reinsurance.filter.LoginFilter - ======开始过滤=====
[INFO ] [17:24:36] com.minsheng.reinsurance.filter.LoginFilter - 请求地址为/api/login
[INFO ] [17:24:36] com.minsheng.reinsurance.filter.LoginFilter - 该请求地址无需拦截
